
---------------------------------- START ----------------------------------
2025-12-17 10:59:08.180 [INFO ] ws/client.go:166
2025-12-17 10:59:08.180 [INFO ] ::1:54769 -- connection
----------------------------------  END  ----------------------------------

---------------------------------- START ----------------------------------
2025-12-17 10:59:12.895 [INFO ] ws/client.go:166
2025-12-17 10:59:12.895 [INFO ] ::1:54769 <- {"action":"hi"}
----------------------------------  END  ----------------------------------

---------------------------------- START ----------------------------------
2025-12-17 10:59:12.896 [INFO ] ws/client.go:166
2025-12-17 10:59:12.896 [INFO ] ::1:54769 -> {"code":0,"action":"hi","data":{"hi":"root"}}
----------------------------------  END  ----------------------------------

---------------------------------- START ----------------------------------
2025-12-17 10:59:25.074 [INFO ] ws/client.go:166
2025-12-17 10:59:25.074 [INFO ] ::1:54769 <- {"action":"hi"}
----------------------------------  END  ----------------------------------

---------------------------------- START ----------------------------------
2025-12-17 10:59:25.075 [INFO ] ws/client.go:166
2025-12-17 10:59:25.075 [INFO ] ::1:54769 -> {"code":0,"action":"hi","data":{"hi":"root"}}
----------------------------------  END  ----------------------------------

---------------------------------- START ----------------------------------
2025-12-17 10:59:34.558 [INFO ] ws/client.go:166
2025-12-17 10:59:34.558 [INFO ] ::1:54769 <- {"action":"hi"}
----------------------------------  END  ----------------------------------

---------------------------------- START ----------------------------------
2025-12-17 10:59:41.775 [INFO ] ws/client.go:166
2025-12-17 10:59:41.775 [INFO ] ::1:54769 -> {"code":0,"action":"hi","data":{"hi":"root"}}
----------------------------------  END  ----------------------------------

---------------------------------- START ----------------------------------
2025-12-17 11:02:51.627 [INFO ] ws/client.go:166
2025-12-17 11:02:51.627 [INFO ] ::1:55767 -- connection
----------------------------------  END  ----------------------------------

---------------------------------- START ----------------------------------
2025-12-17 11:02:55.696 [INFO ] ws/client.go:166
2025-12-17 11:02:55.696 [INFO ] ::1:55767 <- {"action":"hi"}
----------------------------------  END  ----------------------------------

---------------------------------- START ----------------------------------
2025-12-17 11:02:55.697 [INFO ] ws/client.go:166
2025-12-17 11:02:55.697 [INFO ] ::1:55767 -> {"code":0,"action":"hi","data":{"hi":"root"}}
----------------------------------  END  ----------------------------------

---------------------------------- START ----------------------------------
2025-12-17 11:03:11.042 [INFO ] ws/client.go:166
2025-12-17 11:03:11.042 [INFO ] ::1:55767 <- {"action":"group1.hi"}
----------------------------------  END  ----------------------------------

---------------------------------- START ----------------------------------
2025-12-17 11:03:11.043 [INFO ] ws/client.go:166
2025-12-17 11:03:11.043 [INFO ] ::1:55767 -> {"code":0,"action":"group1.hi","data":{"hi":"group1"}}
----------------------------------  END  ----------------------------------

---------------------------------- START ----------------------------------
2025-12-17 11:06:01.122 [INFO ] ws/client.go:166
2025-12-17 11:06:01.122 [INFO ] ::1:56644 -- connection
----------------------------------  END  ----------------------------------

---------------------------------- START ----------------------------------
2025-12-17 11:06:06.952 [INFO ] ws/client.go:166
2025-12-17 11:06:06.952 [INFO ] ::1:56644 <- {"action":"group1.hi"}
----------------------------------  END  ----------------------------------

---------------------------------- START ----------------------------------
2025-12-17 11:06:06.953 [INFO ] ws/client.go:166
2025-12-17 11:06:06.953 [INFO ] ::1:56644 -> {"code":0,"action":"group1.hi","data":{"hi":"group1"}}
----------------------------------  END  ----------------------------------

---------------------------------- START ----------------------------------
2025-12-17 11:14:22.878 [INFO ] ws/client.go:166
2025-12-17 11:14:22.878 [INFO ] ::1:58888 -- connection
----------------------------------  END  ----------------------------------

---------------------------------- START ----------------------------------
2025-12-17 11:14:28.786 [INFO ] ws/client.go:166
2025-12-17 11:14:28.786 [INFO ] ::1:58888 <- {"action":"group1.hi"}
----------------------------------  END  ----------------------------------

---------------------------------- START ----------------------------------
2025-12-17 11:14:28.787 [INFO ] ws/client.go:166
2025-12-17 11:14:28.787 [INFO ] ::1:58888 -> {"code":0,"action":"group1.hi","data":{"hi":"group1"}}
----------------------------------  END  ----------------------------------
