
---------------------------------- START ----------------------------------
2025-12-17 20:46:13.726 [INFO ] ws/client.go:166
2025-12-17 20:46:13.726 [INFO ] ::1:53066 -- connection
----------------------------------  END  ----------------------------------

---------------------------------- START ----------------------------------
2025-12-17 20:46:26.101 [INFO ] ws/client.go:166
2025-12-17 20:46:26.101 [INFO ] ::1:53066 <- hi
----------------------------------  END  ----------------------------------

---------------------------------- START ----------------------------------
2025-12-17 20:46:26.103 [INFO ] ws/client.go:166
2025-12-17 20:46:26.103 [INFO ] ::1:53066 -> {"code":-1005,"action":"","msg":"request not supported"}
----------------------------------  END  ----------------------------------

---------------------------------- START ----------------------------------
2025-12-17 20:46:41.872 [INFO ] ws/client.go:166
2025-12-17 20:46:41.872 [INFO ] ::1:53066 <- hi
----------------------------------  END  ----------------------------------

---------------------------------- START ----------------------------------
2025-12-17 20:46:41.873 [INFO ] ws/client.go:166
2025-12-17 20:46:41.873 [INFO ] ::1:53066 -> {"code":-1005,"action":"","msg":"request not supported"}
----------------------------------  END  ----------------------------------

---------------------------------- START ----------------------------------
2025-12-17 20:47:09.214 [INFO ] ws/client.go:166
2025-12-17 20:47:09.214 [INFO ] ::1:53066 <- {
    "action":"hi"
}
----------------------------------  END  ----------------------------------

---------------------------------- START ----------------------------------
2025-12-17 20:47:09.216 [INFO ] ws/client.go:166
2025-12-17 20:47:09.216 [INFO ] ::1:53066 -> {"code":0,"action":"hi","data":{"hi":"root"}}
----------------------------------  END  ----------------------------------

---------------------------------- START ----------------------------------
2025-12-17 20:47:25.621 [INFO ] ws/client.go:166
2025-12-17 20:47:25.621 [INFO ] ::1:53066 <- {
    "action":"group1.hi"
}
----------------------------------  END  ----------------------------------

---------------------------------- START ----------------------------------
2025-12-17 20:47:25.623 [INFO ] ws/client.go:166
2025-12-17 20:47:25.623 [INFO ] ::1:53066 -> {"code":0,"action":"group1.hi","data":{"hi":"group1"}}
----------------------------------  END  ----------------------------------
